<?xml version="1.0" encoding="UTF-8"?>
<!-- Generated by org.testng.reporters.JUnitReportReporter -->
<testsuite skipped="0" hostname="MacBook-Pro-2.local" name="base.Demo1" tests="1" failures="0" timestamp="08 Feb 2019 00:30:30 GMT" time="0.012" errors="0">
  <testcase name="test" time="0.012" classname="base.Demo1"/>
</testsuite> <!-- base.Demo1 -->
